  4-1.STREAM_IN_OUT.cpp
  4-2.const.cpp
C:\Users\gkgkg\GitHub\Cpp-practice-2022\Chapter4\4-2.const.cpp(26,7): error C2374: 'pi': 재정의. 여러 번 초기화했습니다.
C:\Users\gkgkg\GitHub\Cpp-practice-2022\Chapter4\4-2.const.cpp(13): message : 'pi' 선언을 참조하십시오.
  4-3.const_pointer2.cpp
C:\Users\gkgkg\GitHub\Cpp-practice-2022\Chapter4\4-3.const_pointer2.cpp(43,2): error C3892: 'n': const인 변수에 할당할 수 없습니다.
C:\Users\gkgkg\GitHub\Cpp-practice-2022\Chapter4\4-3.const_pointer2.cpp(43,9): error C3892: 'n': const인 변수에 할당할 수 없습니다.
C:\Users\gkgkg\GitHub\Cpp-practice-2022\Chapter4\4-3.const_pointer2.cpp(43,18): error C3892: 'n': const인 변수에 할당할 수 없습니다.
C:\Users\gkgkg\GitHub\Cpp-practice-2022\Chapter4\4-3.const_pointer2.cpp(44,18): error C2440: '=': 'const int *'에서 'int *'(으)로 변환할 수 없습니다.
C:\Users\gkgkg\GitHub\Cpp-practice-2022\Chapter4\4-3.const_pointer2.cpp(44,16): message : 변환하면서 한정자가 손실됩니다.
C:\Users\gkgkg\GitHub\Cpp-practice-2022\Chapter4\4-3.const_pointer2.cpp(44,35): error C2440: '=': 'const int *const '에서 'int *'(으)로 변환할 수 없습니다.
C:\Users\gkgkg\GitHub\Cpp-practice-2022\Chapter4\4-3.const_pointer2.cpp(44,34): message : 변환하면서 한정자가 손실됩니다.
C:\Users\gkgkg\GitHub\Cpp-practice-2022\Chapter4\4-3.const_pointer2.cpp(45,2): error C3892: 'pn': const인 변수에 할당할 수 없습니다.
C:\Users\gkgkg\GitHub\Cpp-practice-2022\Chapter4\4-3.const_pointer2.cpp(45,18): error C2440: '=': 'const int *'에서 'int *const '(으)로 변환할 수 없습니다.
C:\Users\gkgkg\GitHub\Cpp-practice-2022\Chapter4\4-3.const_pointer2.cpp(45,16): message : 변환하면서 한정자가 손실됩니다.
C:\Users\gkgkg\GitHub\Cpp-practice-2022\Chapter4\4-3.const_pointer2.cpp(45,20): error C3892: 'pn': const인 변수에 할당할 수 없습니다.
C:\Users\gkgkg\GitHub\Cpp-practice-2022\Chapter4\4-3.const_pointer2.cpp(45,35): error C2440: '=': 'const int *const '에서 'int *const '(으)로 변환할 수 없습니다.
C:\Users\gkgkg\GitHub\Cpp-practice-2022\Chapter4\4-3.const_pointer2.cpp(45,34): message : 변환하면서 한정자가 손실됩니다.
C:\Users\gkgkg\GitHub\Cpp-practice-2022\Chapter4\4-3.const_pointer2.cpp(46,2): error C3892: 'e': const인 변수에 할당할 수 없습니다.
C:\Users\gkgkg\GitHub\Cpp-practice-2022\Chapter4\4-3.const_pointer2.cpp(46,10): error C3892: 'e': const인 변수에 할당할 수 없습니다.
C:\Users\gkgkg\GitHub\Cpp-practice-2022\Chapter4\4-3.const_pointer2.cpp(46,18): error C3892: 'e': const인 변수에 할당할 수 없습니다.
C:\Users\gkgkg\GitHub\Cpp-practice-2022\Chapter4\4-3.const_pointer2.cpp(46,25): error C3892: 'e': const인 변수에 할당할 수 없습니다.
  4-4.reference_variable.cpp
  4-5.return_by_reference.cpp
  4-7.타입CASTING.cpp
C:\Users\gkgkg\GitHub\Cpp-practice-2022\Chapter4\4-7.타입CASTING.cpp(76,17): warning C4312: '형식 캐스트': 'int'에서 더 큰 'char *'(으)로의 변환입니다.
C:\Users\gkgkg\GitHub\Cpp-practice-2022\Chapter4\4-7.타입CASTING.cpp(77,29): error C2440: 'static_cast': 'int'에서 'char *'(으)로 변환할 수 없습니다.
C:\Users\gkgkg\GitHub\Cpp-practice-2022\Chapter4\4-7.타입CASTING.cpp(77,9): message : 정수 계열 형식에서 포인터 형식으로 변환하려면 reinterpret_cast, C 스타일 캐스트 또는 괄호가 있는 함수 스타일 캐스트가 필요합니다.
C:\Users\gkgkg\GitHub\Cpp-practice-2022\Chapter4\4-7.타입CASTING.cpp(78,34): warning C4312: 'reinterpret_cast': 'int'에서 더 큰 'char *'(으)로의 변환입니다.
  4장-1.cincout.cpp
C:\Users\gkgkg\GitHub\Cpp-practice-2022\Chapter4\4장-1.cincout.cpp(19,11): error C2679: 이항 '<<': 오른쪽 피연산자로 'main::student' 형식을 사용하는 연산자가 없거나 허용되는 변환이 없습니다.
C:\Program Files\Microsoft Visual Studio\2022\Community\VC\Tools\MSVC\14.31.31103\include\ostream(471,39): message : 'std::basic_ostream<char,std::char_traits<char>> &std::basic_ostream<char,std::char_traits<char>>::operator <<(std::basic_streambuf<char,std::char_traits<char>> *)'일 수 있습니다.
C:\Program Files\Microsoft Visual Studio\2022\Community\VC\Tools\MSVC\14.31.31103\include\ostream(439,39): message : 또는       'std::basic_ostream<char,std::char_traits<char>> &std::basic_ostream<char,std::char_traits<char>>::operator <<(const void *)'
C:\Program Files\Microsoft Visual Studio\2022\Community\VC\Tools\MSVC\14.31.31103\include\ostream(421,39): message : 또는       'std::basic_ostream<char,std::char_traits<char>> &std::basic_ostream<char,std::char_traits<char>>::operator <<(long double)'
C:\Program Files\Microsoft Visual Studio\2022\Community\VC\Tools\MSVC\14.31.31103\include\ostream(403,39): message : 또는       'std::basic_ostream<char,std::char_traits<char>> &std::basic_ostream<char,std::char_traits<char>>::operator <<(double)'
C:\Program Files\Microsoft Visual Studio\2022\Community\VC\Tools\MSVC\14.31.31103\include\ostream(385,39): message : 또는       'std::basic_ostream<char,std::char_traits<char>> &std::basic_ostream<char,std::char_traits<char>>::operator <<(float)'
C:\Program Files\Microsoft Visual Studio\2022\Community\VC\Tools\MSVC\14.31.31103\include\ostream(367,39): message : 또는       'std::basic_ostream<char,std::char_traits<char>> &std::basic_ostream<char,std::char_traits<char>>::operator <<(unsigned __int64)'
C:\Program Files\Microsoft Visual Studio\2022\Community\VC\Tools\MSVC\14.31.31103\include\ostream(349,39): message : 또는       'std::basic_ostream<char,std::char_traits<char>> &std::basic_ostream<char,std::char_traits<char>>::operator <<(__int64)'
C:\Program Files\Microsoft Visual Studio\2022\Community\VC\Tools\MSVC\14.31.31103\include\ostream(331,39): message : 또는       'std::basic_ostream<char,std::char_traits<char>> &std::basic_ostream<char,std::char_traits<char>>::operator <<(unsigned long)'
C:\Program Files\Microsoft Visual Studio\2022\Community\VC\Tools\MSVC\14.31.31103\include\ostream(313,39): message : 또는       'std::basic_ostream<char,std::char_traits<char>> &std::basic_ostream<char,std::char_traits<char>>::operator <<(long)'
C:\Program Files\Microsoft Visual Studio\2022\Community\VC\Tools\MSVC\14.31.31103\include\ostream(294,39): message : 또는       'std::basic_ostream<char,std::char_traits<char>> &std::basic_ostream<char,std::char_traits<char>>::operator <<(unsigned int)'
C:\Program Files\Microsoft Visual Studio\2022\Community\VC\Tools\MSVC\14.31.31103\include\ostream(268,39): message : 또는       'std::basic_ostream<char,std::char_traits<char>> &std::basic_ostream<char,std::char_traits<char>>::operator <<(int)'
C:\Program Files\Microsoft Visual Studio\2022\Community\VC\Tools\MSVC\14.31.31103\include\ostream(249,39): message : 또는       'std::basic_ostream<char,std::char_traits<char>> &std::basic_ostream<char,std::char_traits<char>>::operator <<(unsigned short)'
C:\Program Files\Microsoft Visual Studio\2022\Community\VC\Tools\MSVC\14.31.31103\include\ostream(215,39): message : 또는       'std::basic_ostream<char,std::char_traits<char>> &std::basic_ostream<char,std::char_traits<char>>::operator <<(short)'
C:\Program Files\Microsoft Visual Studio\2022\Community\VC\Tools\MSVC\14.31.31103\include\ostream(197,39): message : 또는       'std::basic_ostream<char,std::char_traits<char>> &std::basic_ostream<char,std::char_traits<char>>::operator <<(bool)'
C:\Program Files\Microsoft Visual Studio\2022\Community\VC\Tools\MSVC\14.31.31103\include\ostream(192,39): message : 또는       'std::basic_ostream<char,std::char_traits<char>> &std::basic_ostream<char,std::char_traits<char>>::operator <<(std::ios_base &(__cdecl *)(std::ios_base &))'
C:\Program Files\Microsoft Visual Studio\2022\Community\VC\Tools\MSVC\14.31.31103\include\ostream(187,39): message : 또는       'std::basic_ostream<char,std::char_traits<char>> &std::basic_ostream<char,std::char_traits<char>>::operator <<(std::basic_ios<char,std::char_traits<char>> &(__cdecl *)(std::basic_ios<char,std::char_traits<char>> &))'
C:\Program Files\Microsoft Visual Studio\2022\Community\VC\Tools\MSVC\14.31.31103\include\ostream(182,39): message : 또는       'std::basic_ostream<char,std::char_traits<char>> &std::basic_ostream<char,std::char_traits<char>>::operator <<(std::basic_ostream<char,std::char_traits<char>> &(__cdecl *)(std::basic_ostream<char,std::char_traits<char>> &))'
C:\Users\gkgkg\GitHub\Cpp-practice-2022\Chapter4\4장-1.cincout.cpp(19,11): message : 인수 목록 '(std::ostream, main::student)'을(를) 일치시키는 동안
  4장-10.return by reference2.cpp
  4장-11.return by reference3.cpp
  4장-12.Cascade.cpp
  4장-13.const_cast.cpp
  4장-14.typeid_const_cast.cpp
  4장-15.const_int.cpp
  4장-16.DYNAMIC_CAST.cpp
C:\Users\gkgkg\GitHub\Cpp-practice-2022\Chapter4\4장-16.DYNAMIC_CAST.cpp(27,18): error C2440: '=': 'Parent *'에서 'Child_1 *'(으)로 변환할 수 없습니다.
C:\Users\gkgkg\GitHub\Cpp-practice-2022\Chapter4\4장-16.DYNAMIC_CAST.cpp(27,15): message : 기본 형식에서 파생 형식으로 캐스트하려면 dynamic_cast 또는 static_cast가 필요합니다.
  4장-17.ostream.cpp
  4장-18.Macro.cpp
  4장-2.cinout2.cpp
  4장-3.POINTER_ARRAY.cpp
  4장-4.POINTER_ARRAY2.cpp
  4장-5.MULTIPLY.cpp
  코드를 생성하고 있습니다...
C:\Users\gkgkg\GitHub\Cpp-practice-2022\Chapter4\4장-12.Cascade.cpp(33): warning C4172: 지역 변수 또는 임시: C의 주소를 반환하고 있습니다.
C:\Users\gkgkg\GitHub\Cpp-practice-2022\Chapter4\4장-11.return by reference3.cpp(16): warning C4172: 지역 변수 또는 임시: temp의 주소를 반환하고 있습니다.
C:\Users\gkgkg\GitHub\Cpp-practice-2022\Chapter4\4-5.return_by_reference.cpp(77): warning C4172: 지역 변수 또는 임시: tmp의 주소를 반환하고 있습니다.
  컴파일하고 있습니다...
  4장-6.ReferenceExample.cpp
  4장-7.increase.cpp
  4장-8.return by value.cpp
  4장-9.return by reference.cpp
  oneDimensionMatrix.cpp
  코드를 생성하고 있습니다...
